<?xml version="1.0" encoding="UTF-8"?>
<testsuites>
  <testsuite name="" tests="10" assertions="0" errors="10" warnings="0" failures="0" skipped="0" time="0.004196">
    <testsuite name="Project Test Suite" tests="10" assertions="0" errors="10" warnings="0" failures="0" skipped="0" time="0.004196">
      <testsuite name="App\Test\Controller\ProductControllerTest" file="D:\PFE\CourseExpress\tests\Controller\ProductControllerTest.php" tests="5" assertions="0" errors="5" warnings="0" failures="0" skipped="0" time="0.004057">
        <testcase name="testIndex" class="App\Test\Controller\ProductControllerTest" classname="App.Test.Controller.ProductControllerTest" file="D:\PFE\CourseExpress\tests\Controller\ProductControllerTest.php" line="23" assertions="0" time="0.003889">
          <error type="PHPUnit\Framework\RiskyTestError">App\Test\Controller\ProductControllerTest::testIndex
This test did not perform any assertions

D:\PFE\CourseExpress\tests\Controller\ProductControllerTest.php:23</error>
        </testcase>
        <testcase name="testNew" class="App\Test\Controller\ProductControllerTest" classname="App.Test.Controller.ProductControllerTest" file="D:\PFE\CourseExpress\tests\Controller\ProductControllerTest.php" line="30" assertions="0" time="0.000073">
          <error type="PHPUnit\Framework\RiskyTestError">App\Test\Controller\ProductControllerTest::testNew
This test did not perform any assertions

D:\PFE\CourseExpress\tests\Controller\ProductControllerTest.php:30</error>
        </testcase>
        <testcase name="testShow" class="App\Test\Controller\ProductControllerTest" classname="App.Test.Controller.ProductControllerTest" file="D:\PFE\CourseExpress\tests\Controller\ProductControllerTest.php" line="34" assertions="0" time="0.000029">
          <error type="PHPUnit\Framework\RiskyTestError">App\Test\Controller\ProductControllerTest::testShow
This test did not perform any assertions

D:\PFE\CourseExpress\tests\Controller\ProductControllerTest.php:34</error>
        </testcase>
        <testcase name="testEdit" class="App\Test\Controller\ProductControllerTest" classname="App.Test.Controller.ProductControllerTest" file="D:\PFE\CourseExpress\tests\Controller\ProductControllerTest.php" line="39" assertions="0" time="0.000028">
          <error type="PHPUnit\Framework\RiskyTestError">App\Test\Controller\ProductControllerTest::testEdit
This test did not perform any assertions

D:\PFE\CourseExpress\tests\Controller\ProductControllerTest.php:39</error>
        </testcase>
        <testcase name="testRemove" class="App\Test\Controller\ProductControllerTest" classname="App.Test.Controller.ProductControllerTest" file="D:\PFE\CourseExpress\tests\Controller\ProductControllerTest.php" line="44" assertions="0" time="0.000039">
          <error type="PHPUnit\Framework\RiskyTestError">App\Test\Controller\ProductControllerTest::testRemove
This test did not perform any assertions

D:\PFE\CourseExpress\tests\Controller\ProductControllerTest.php:44</error>
        </testcase>
      </testsuite>
      <testsuite name="App\Test\Controller\UserControllerTest" file="D:\PFE\CourseExpress\tests\Controller\UserControllerTest.php" tests="5" assertions="0" errors="5" warnings="0" failures="0" skipped="0" time="0.000138">
        <testcase name="testIndex" class="App\Test\Controller\UserControllerTest" classname="App.Test.Controller.UserControllerTest" file="D:\PFE\CourseExpress\tests\Controller\UserControllerTest.php" line="23" assertions="0" time="0.000024">
          <error type="PHPUnit\Framework\RiskyTestError">App\Test\Controller\UserControllerTest::testIndex
This test did not perform any assertions

D:\PFE\CourseExpress\tests\Controller\UserControllerTest.php:23</error>
        </testcase>
        <testcase name="testNew" class="App\Test\Controller\UserControllerTest" classname="App.Test.Controller.UserControllerTest" file="D:\PFE\CourseExpress\tests\Controller\UserControllerTest.php" line="31" assertions="0" time="0.000028">
          <error type="PHPUnit\Framework\RiskyTestError">App\Test\Controller\UserControllerTest::testNew
This test did not perform any assertions

D:\PFE\CourseExpress\tests\Controller\UserControllerTest.php:31</error>
        </testcase>
        <testcase name="testShow" class="App\Test\Controller\UserControllerTest" classname="App.Test.Controller.UserControllerTest" file="D:\PFE\CourseExpress\tests\Controller\UserControllerTest.php" line="36" assertions="0" time="0.000028">
          <error type="PHPUnit\Framework\RiskyTestError">App\Test\Controller\UserControllerTest::testShow
This test did not perform any assertions

D:\PFE\CourseExpress\tests\Controller\UserControllerTest.php:36</error>
        </testcase>
        <testcase name="testEdit" class="App\Test\Controller\UserControllerTest" classname="App.Test.Controller.UserControllerTest" file="D:\PFE\CourseExpress\tests\Controller\UserControllerTest.php" line="43" assertions="0" time="0.000030">
          <error type="PHPUnit\Framework\RiskyTestError">App\Test\Controller\UserControllerTest::testEdit
This test did not perform any assertions

D:\PFE\CourseExpress\tests\Controller\UserControllerTest.php:43</error>
        </testcase>
        <testcase name="testRemove" class="App\Test\Controller\UserControllerTest" classname="App.Test.Controller.UserControllerTest" file="D:\PFE\CourseExpress\tests\Controller\UserControllerTest.php" line="48" assertions="0" time="0.000028">
          <error type="PHPUnit\Framework\RiskyTestError">App\Test\Controller\UserControllerTest::testRemove
This test did not perform any assertions

D:\PFE\CourseExpress\tests\Controller\UserControllerTest.php:48</error>
        </testcase>
      </testsuite>
    </testsuite>
  </testsuite>
</testsuites>
